<?xml version="1.0" encoding="UTF-8"?>
<robot generator="Robot 5.0.1 (Python 3.10.7 on win32)" generated="20221015 17:23:41.173" rpa="false" schemaversion="3">
<suite id="s1" name="BBC" source="C:\Users\Edward\PycharmProjects\sample-robot-framework-python\Tests\BBC.robot">
<test id="s1-t1" name=" Logging info" line="64">
<kw name="Begin Web Test" library="Common" type="SETUP">
<kw name="Open Browser" library="SeleniumLibrary">
<arg>${START_URL}</arg>
<arg>${BROWSER}</arg>
<doc>Opens a new browser instance to the optional ``url``.</doc>
<msg timestamp="20221015 17:23:41.462" level="INFO">Opening browser 'chrome' to base url 'https://www.bbc.com/'.</msg>
<status status="PASS" starttime="20221015 17:23:41.462" endtime="20221015 17:23:51.278"/>
</kw>
<kw name="Maximize Browser Window" library="SeleniumLibrary">
<doc>Maximizes current browser window.</doc>
<status status="PASS" starttime="20221015 17:23:51.279" endtime="20221015 17:23:51.435"/>
</kw>
<status status="PASS" starttime="20221015 17:23:41.461" endtime="20221015 17:23:51.436"/>
</kw>
<kw name="Set Variable" library="BuiltIn">
<var>${variable}</var>
<arg>Everything is OK!</arg>
<doc>Returns the given values which can then be assigned to a variables.</doc>
<msg timestamp="20221015 17:23:51.439" level="INFO">${variable} = Everything is OK!</msg>
<status status="PASS" starttime="20221015 17:23:51.438" endtime="20221015 17:23:51.439"/>
</kw>
<kw name="Log To Console" library="BuiltIn">
<arg>${variable}</arg>
<doc>Logs the given message to the console.</doc>
<status status="PASS" starttime="20221015 17:23:51.457" endtime="20221015 17:23:51.464"/>
</kw>
<doc>Basic info about the test</doc>
<tag>Smoke</tag>
<status status="PASS" starttime="20221015 17:23:41.459" endtime="20221015 17:23:51.465"/>
</test>
<doc>Basic info about the whole suite</doc>
<status status="PASS" starttime="20221015 17:23:41.175" endtime="20221015 17:23:51.469"/>
</suite>
<statistics>
<total>
<stat pass="1" fail="0" skip="0">All Tests</stat>
</total>
<tag>
<stat pass="1" fail="0" skip="0">Smoke</stat>
</tag>
<suite>
<stat pass="1" fail="0" skip="0" id="s1" name="BBC">BBC</stat>
</suite>
</statistics>
<errors>
</errors>
</robot>
